2020-09-20 17:46:33.342  INFO 2072 --- [main] c.w.w.s.SpringbootCicdApplication        : Starting SpringbootCicdApplication on WCD-3DEN4227 with PID 2072 (D:\GitHub\java-cicd\target\classes started by D14052172 in D:\GitHub\java-cicd)
2020-09-20 17:46:33.344  INFO 2072 --- [main] c.w.w.s.SpringbootCicdApplication        : The following profiles are active: dev
2020-09-20 17:46:35.047  INFO 2072 --- [main] o.s.b.w.embedded.tomcat.TomcatWebServer  : Tomcat initialized with port(s): 8096 (http)
2020-09-20 17:46:35.054  INFO 2072 --- [main] o.apache.catalina.core.StandardService   : Starting service [Tomcat]
2020-09-20 17:46:35.054  INFO 2072 --- [main] org.apache.catalina.core.StandardEngine  : Starting Servlet engine: [Apache Tomcat/9.0.38]
2020-09-20 17:46:35.131  INFO 2072 --- [main] o.a.c.c.C.[Tomcat].[localhost].[/]       : Initializing Spring embedded WebApplicationContext
2020-09-20 17:46:35.131  INFO 2072 --- [main] w.s.c.ServletWebServerApplicationContext : Root WebApplicationContext: initialization completed in 1709 ms
2020-09-20 17:46:35.737  INFO 2072 --- [main] o.s.s.web.DefaultSecurityFilterChain     : Creating filter chain: any request, [org.springframework.security.web.context.request.async.WebAsyncManagerIntegrationFilter@62a4417, org.springframework.security.web.context.SecurityContextPersistenceFilter@b2f4ece, org.springframework.security.web.header.HeaderWriterFilter@446c3920, org.springframework.security.web.authentication.logout.LogoutFilter@46d567cb, com.wistron.wcd.springbootcicd.common.auth.JwtAuthFilter@599f571f, org.springframework.security.web.savedrequest.RequestCacheAwareFilter@7dff6d05, org.springframework.security.web.servletapi.SecurityContextHolderAwareRequestFilter@3bae64d0, org.springframework.security.web.authentication.AnonymousAuthenticationFilter@43f61afb, org.springframework.security.web.session.SessionManagementFilter@6d2dc9d2, org.springframework.security.web.access.ExceptionTranslationFilter@53dad875, org.springframework.security.web.access.intercept.FilterSecurityInterceptor@6dd82486]
2020-09-20 17:46:35.851  INFO 2072 --- [main] o.s.s.concurrent.ThreadPoolTaskExecutor  : Initializing ExecutorService 'applicationTaskExecutor'
2020-09-20 17:46:36.116  INFO 2072 --- [main] o.s.b.w.embedded.tomcat.TomcatWebServer  : Tomcat started on port(s): 8096 (http) with context path ''
2020-09-20 17:46:36.124  INFO 2072 --- [main] c.w.w.s.SpringbootCicdApplication        : Started SpringbootCicdApplication in 3.398 seconds (JVM running for 4.372)
2020-09-20 18:33:20.418  INFO 14248 --- [main] c.w.w.s.SpringbootCicdApplication        : Starting SpringbootCicdApplication on WCD-3DEN4227 with PID 14248 (D:\GitHub\java-cicd\target\classes started by D14052172 in D:\GitHub\java-cicd)
2020-09-20 18:33:20.421  INFO 14248 --- [main] c.w.w.s.SpringbootCicdApplication        : The following profiles are active: dev
2020-09-20 18:33:22.192  INFO 14248 --- [main] .s.d.r.c.RepositoryConfigurationDelegate : Multiple Spring Data modules found, entering strict repository configuration mode!
2020-09-20 18:33:22.199  INFO 14248 --- [main] .s.d.r.c.RepositoryConfigurationDelegate : Bootstrapping Spring Data Redis repositories in DEFAULT mode.
2020-09-20 18:33:22.298  INFO 14248 --- [main] .s.d.r.c.RepositoryConfigurationDelegate : Finished Spring Data repository scanning in 31ms. Found 0 Redis repository interfaces.
2020-09-20 18:33:22.637  INFO 14248 --- [main] trationDelegate$BeanPostProcessorChecker : Bean 'org.springframework.security.access.expression.method.DefaultMethodSecurityExpressionHandler@1fd386c3' of type [org.springframework.security.access.expression.method.DefaultMethodSecurityExpressionHandler] is not eligible for getting processed by all BeanPostProcessors (for example: not eligible for auto-proxying)
2020-09-20 18:33:22.646  INFO 14248 --- [main] trationDelegate$BeanPostProcessorChecker : Bean 'methodSecurityMetadataSource' of type [org.springframework.security.access.method.DelegatingMethodSecurityMetadataSource] is not eligible for getting processed by all BeanPostProcessors (for example: not eligible for auto-proxying)
2020-09-20 18:33:22.947  INFO 14248 --- [main] o.s.b.w.embedded.tomcat.TomcatWebServer  : Tomcat initialized with port(s): 8096 (http)
2020-09-20 18:33:22.954  INFO 14248 --- [main] o.apache.catalina.core.StandardService   : Starting service [Tomcat]
2020-09-20 18:33:22.955  INFO 14248 --- [main] org.apache.catalina.core.StandardEngine  : Starting Servlet engine: [Apache Tomcat/9.0.38]
2020-09-20 18:33:23.047  INFO 14248 --- [main] o.a.c.c.C.[Tomcat].[localhost].[/]       : Initializing Spring embedded WebApplicationContext
2020-09-20 18:33:23.047  INFO 14248 --- [main] w.s.c.ServletWebServerApplicationContext : Root WebApplicationContext: initialization completed in 2565 ms
2020-09-20 18:33:24.109  INFO 14248 --- [main] o.s.s.web.DefaultSecurityFilterChain     : Creating filter chain: any request, [org.springframework.security.web.context.request.async.WebAsyncManagerIntegrationFilter@49f40c00, org.springframework.security.web.context.SecurityContextPersistenceFilter@3a2d3909, org.springframework.security.web.header.HeaderWriterFilter@4b76aa5a, org.springframework.security.web.authentication.logout.LogoutFilter@536d97f8, com.wistron.wcd.springbootcicd.common.auth.JwtAuthFilter@2f5c1332, org.springframework.security.web.savedrequest.RequestCacheAwareFilter@194d329e, org.springframework.security.web.servletapi.SecurityContextHolderAwareRequestFilter@15d42ccb, org.springframework.security.web.authentication.AnonymousAuthenticationFilter@643d2dae, org.springframework.security.web.session.SessionManagementFilter@5961e92d, org.springframework.security.web.access.ExceptionTranslationFilter@6dd1f638, org.springframework.security.web.access.intercept.FilterSecurityInterceptor@58b91d57]
2020-09-20 18:33:24.312  INFO 14248 --- [main] o.s.s.concurrent.ThreadPoolTaskExecutor  : Initializing ExecutorService 'applicationTaskExecutor'
2020-09-20 18:33:24.751  INFO 14248 --- [main] o.s.b.w.embedded.tomcat.TomcatWebServer  : Tomcat started on port(s): 8096 (http) with context path ''
2020-09-20 18:33:24.760  INFO 14248 --- [main] c.w.w.s.SpringbootCicdApplication        : Started SpringbootCicdApplication in 4.856 seconds (JVM running for 5.968)
2020-09-20 18:36:09.775  INFO 14248 --- [http-nio-8096-exec-2] o.a.c.c.C.[Tomcat].[localhost].[/]       : Initializing Spring DispatcherServlet 'dispatcherServlet'
2020-09-20 18:36:09.775  INFO 14248 --- [http-nio-8096-exec-2] o.s.web.servlet.DispatcherServlet        : Initializing Servlet 'dispatcherServlet'
2020-09-20 18:36:09.781  INFO 14248 --- [http-nio-8096-exec-2] o.s.web.servlet.DispatcherServlet        : Completed initialization in 6 ms
2020-09-20 18:36:09.862  INFO 14248 --- [http-nio-8096-exec-2] c.w.w.s.common.auth.JwtAuthFilter        : 无效token
2020-09-20 18:36:09.869  INFO 14248 --- [http-nio-8096-exec-2] c.w.w.s.common.auth.JwtAuthFilter        : 无效token
2020-09-20 18:38:59.597  INFO 14248 --- [http-nio-8096-exec-4] c.w.w.s.common.auth.JwtAuthFilter        : 无效token
2020-09-20 18:38:59.598  INFO 14248 --- [http-nio-8096-exec-4] c.w.w.s.common.auth.JwtAuthFilter        : 无效token
2020-09-20 18:39:35.177  INFO 14248 --- [http-nio-8096-exec-5] com.alibaba.druid.pool.DruidDataSource   : {dataSource-1} inited
2020-09-20 18:51:22.207  INFO 832 --- [main] c.w.w.s.SpringbootCicdApplicationTests   : Starting SpringbootCicdApplicationTests on WCD-3DEN4227 with PID 832 (started by D14052172 in D:\GitHub\java-cicd)
2020-09-20 18:51:22.209  INFO 832 --- [main] c.w.w.s.SpringbootCicdApplicationTests   : The following profiles are active: dev
2020-09-20 18:51:23.763  INFO 832 --- [main] .s.d.r.c.RepositoryConfigurationDelegate : Multiple Spring Data modules found, entering strict repository configuration mode!
2020-09-20 18:51:23.789  INFO 832 --- [main] .s.d.r.c.RepositoryConfigurationDelegate : Bootstrapping Spring Data Redis repositories in DEFAULT mode.
2020-09-20 18:51:23.829  INFO 832 --- [main] .s.d.r.c.RepositoryConfigurationDelegate : Finished Spring Data repository scanning in 24ms. Found 0 Redis repository interfaces.
2020-09-20 18:51:24.495  INFO 832 --- [main] trationDelegate$BeanPostProcessorChecker : Bean 'org.springframework.security.access.expression.method.DefaultMethodSecurityExpressionHandler@54bca971' of type [org.springframework.security.access.expression.method.DefaultMethodSecurityExpressionHandler] is not eligible for getting processed by all BeanPostProcessors (for example: not eligible for auto-proxying)
2020-09-20 18:51:24.507  INFO 832 --- [main] trationDelegate$BeanPostProcessorChecker : Bean 'methodSecurityMetadataSource' of type [org.springframework.security.access.method.DelegatingMethodSecurityMetadataSource] is not eligible for getting processed by all BeanPostProcessors (for example: not eligible for auto-proxying)
2020-09-20 18:51:27.163  INFO 832 --- [main] o.s.s.web.DefaultSecurityFilterChain     : Creating filter chain: any request, [org.springframework.security.web.context.request.async.WebAsyncManagerIntegrationFilter@6ecc02bb, org.springframework.security.web.context.SecurityContextPersistenceFilter@2a8a3ada, org.springframework.security.web.header.HeaderWriterFilter@83bb0f, org.springframework.security.web.authentication.logout.LogoutFilter@4be0a27d, com.wistron.wcd.springbootcicd.common.auth.JwtAuthFilter@31973858, org.springframework.security.web.savedrequest.RequestCacheAwareFilter@ec7b5de, org.springframework.security.web.servletapi.SecurityContextHolderAwareRequestFilter@61615b4a, org.springframework.security.web.authentication.AnonymousAuthenticationFilter@65514add, org.springframework.security.web.session.SessionManagementFilter@6e829e50, org.springframework.security.web.access.ExceptionTranslationFilter@2accaec2, org.springframework.security.web.access.intercept.FilterSecurityInterceptor@41b64020]
2020-09-20 18:51:28.239  INFO 832 --- [main] o.s.s.concurrent.ThreadPoolTaskExecutor  : Initializing ExecutorService 'applicationTaskExecutor'
2020-09-20 18:51:29.161  INFO 832 --- [main] c.w.w.s.SpringbootCicdApplicationTests   : Started SpringbootCicdApplicationTests in 7.44 seconds (JVM running for 11.74)
2020-09-20 18:51:30.048  INFO 832 --- [SpringContextShutdownHook] o.s.s.concurrent.ThreadPoolTaskExecutor  : Shutting down ExecutorService 'applicationTaskExecutor'
